<?xml version="1.0" encoding="UTF-8"?>
<!-- Generated by org.testng.reporters.JUnitReportReporter -->
<testsuite hostname="DESKTOP-I4FVPU0" failures="0" tests="2" name="DataProvider.TestDateProvider" time="11.688" errors="0" timestamp="2022-10-03T21:37:46 ICT" skipped="0">
  <testcase classname="DataProvider.TestDateProvider" name="Login" time="10.495"/>
  <system-out/>
  <testcase classname="DataProvider.TestDateProvider" name="Login" time="1.193"/>
  <system-out/>
</testsuite> <!-- DataProvider.TestDateProvider -->
